<?xml version="1.0" encoding="UTF-8"?>
<!-- Generated by org.testng.reporters.JUnitXMLReporter -->
<testsuite ignored="0" hostname="Deepoo" failures="0" tests="8" name="BankingApp test" time="76.862" errors="0" timestamp="2023-05-02T11:39:54 IST">
  <testcase classname="com.inetBanking.TestCases.TC_Login_DataDrivenTest" name="loginDDT" time="4.104"/>
  <testcase classname="com.inetBanking.TestCases.TC_Login_DataDrivenTest" name="loginDDT" time="1.49"/>
  <testcase classname="com.inetBanking.TestCases.TC_Login_DataDrivenTest" name="loginDDT" time="1.445"/>
  <testcase classname="com.inetBanking.TestCases.TC_Login_DataDrivenTest" name="loginDDT" time="1.599"/>
  <testcase classname="com.inetBanking.TestCases.TC_AddNewCustomerTest" name="AddNewCustBlankFields" time="2.861"/>
  <testcase classname="com.inetBanking.TestCases.TC_AddNewCustomerTest" name="AddNewCustInvalidDetails" time="7.532"/>
  <testcase classname="com.inetBanking.TestCases.TC_AddNewCustomerTest" name="addNewCustomerValidDetails" time="4.408"/>
  <testcase classname="com.inetBanking.TestCases.TC_LoginTest" name="loginTest" time="1.598"/>
</testsuite> <!-- BankingApp test -->
