<?xml version="1.0" encoding="UTF-8"?>
<testng-results ignored="0" total="1" passed="1" failed="0" skipped="0">
  <reporter-output>
  </reporter-output>
  <suite started-at="2023-05-01T11:02:25 IST" name="InetBankingV1" finished-at="2023-05-01T11:02:49 IST" duration-ms="23665">
    <groups>
    </groups>
    <test started-at="2023-05-01T11:02:25 IST" name="BankingApp test" finished-at="2023-05-01T11:02:49 IST" duration-ms="23665">
      <class name="com.inetBanking.TestCases.TC_AddNewCustomerTest">
        <test-method is-config="true" signature="setup(java.lang.String)[pri:0, instance:com.inetBanking.TestCases.TC_AddNewCustomerTest@7219ec67]" started-at="2023-05-01T11:02:25 IST" name="setup" finished-at="2023-05-01T11:02:34 IST" duration-ms="9035" status="PASS">
          <params>
            <param index="0">
              <value>
                <![CDATA[chrome]]>
              </value>
            </param>
          </params>
          <reporter-output>
          </reporter-output>
        </test-method> <!-- setup -->
        <test-method signature="addNewCustomer()[pri:0, instance:com.inetBanking.TestCases.TC_AddNewCustomerTest@7219ec67]" started-at="2023-05-01T11:02:34 IST" name="addNewCustomer" finished-at="2023-05-01T11:02:48 IST" duration-ms="14340" status="PASS">
          <reporter-output>
          </reporter-output>
        </test-method> <!-- addNewCustomer -->
        <test-method is-config="true" signature="tearDown()[pri:0, instance:com.inetBanking.TestCases.TC_AddNewCustomerTest@7219ec67]" started-at="2023-05-01T11:02:49 IST" name="tearDown" finished-at="2023-05-01T11:02:49 IST" duration-ms="256" status="PASS">
          <reporter-output>
          </reporter-output>
        </test-method> <!-- tearDown -->
      </class> <!-- com.inetBanking.TestCases.TC_AddNewCustomerTest -->
    </test> <!-- BankingApp test -->
  </suite> <!-- InetBankingV1 -->
</testng-results>
