<?xml version="1.0" encoding="UTF-8"?>
<testng-results ignored="0" total="8" passed="8" failed="0" skipped="0">
  <reporter-output>
  </reporter-output>
  <suite started-at="2023-05-02T11:38:37 IST" name="InetBankingV1" finished-at="2023-05-02T11:39:54 IST" duration-ms="76862">
    <groups>
    </groups>
    <test started-at="2023-05-02T11:38:37 IST" name="BankingApp test" finished-at="2023-05-02T11:39:54 IST" duration-ms="76862">
      <class name="com.inetBanking.TestCases.TC_AddNewCustomerTest">
        <test-method is-config="true" signature="setup(java.lang.String)[pri:0, instance:com.inetBanking.TestCases.TC_AddNewCustomerTest@662ac478]" started-at="2023-05-02T11:39:12 IST" name="setup" finished-at="2023-05-02T11:39:18 IST" duration-ms="6372" status="PASS">
          <params>
            <param index="0">
              <value>
                <![CDATA[chrome]]>
              </value>
            </param>
          </params>
          <reporter-output>
          </reporter-output>
        </test-method> <!-- setup -->
        <test-method signature="AddNewCustBlankFields()[pri:0, instance:com.inetBanking.TestCases.TC_AddNewCustomerTest@662ac478]" started-at="2023-05-02T11:39:18 IST" name="AddNewCustBlankFields" finished-at="2023-05-02T11:39:21 IST" duration-ms="2861" status="PASS">
          <reporter-output>
          </reporter-output>
        </test-method> <!-- AddNewCustBlankFields -->
        <test-method is-config="true" signature="TesttearDown()[pri:0, instance:com.inetBanking.TestCases.TC_AddNewCustomerTest@662ac478]" started-at="2023-05-02T11:39:21 IST" name="TesttearDown" finished-at="2023-05-02T11:39:21 IST" duration-ms="190" status="PASS">
          <reporter-output>
          </reporter-output>
        </test-method> <!-- TesttearDown -->
        <test-method is-config="true" signature="setup(java.lang.String)[pri:0, instance:com.inetBanking.TestCases.TC_AddNewCustomerTest@662ac478]" started-at="2023-05-02T11:39:21 IST" name="setup" finished-at="2023-05-02T11:39:26 IST" duration-ms="5029" status="PASS">
          <params>
            <param index="0">
              <value>
                <![CDATA[chrome]]>
              </value>
            </param>
          </params>
          <reporter-output>
          </reporter-output>
        </test-method> <!-- setup -->
        <test-method signature="AddNewCustInvalidDetails()[pri:0, instance:com.inetBanking.TestCases.TC_AddNewCustomerTest@662ac478]" started-at="2023-05-02T11:39:26 IST" name="AddNewCustInvalidDetails" finished-at="2023-05-02T11:39:34 IST" duration-ms="7532" status="PASS">
          <reporter-output>
          </reporter-output>
        </test-method> <!-- AddNewCustInvalidDetails -->
        <test-method is-config="true" signature="TesttearDown()[pri:0, instance:com.inetBanking.TestCases.TC_AddNewCustomerTest@662ac478]" started-at="2023-05-02T11:39:34 IST" name="TesttearDown" finished-at="2023-05-02T11:39:34 IST" duration-ms="331" status="PASS">
          <reporter-output>
          </reporter-output>
        </test-method> <!-- TesttearDown -->
        <test-method is-config="true" signature="setup(java.lang.String)[pri:0, instance:com.inetBanking.TestCases.TC_AddNewCustomerTest@662ac478]" started-at="2023-05-02T11:39:34 IST" name="setup" finished-at="2023-05-02T11:39:41 IST" duration-ms="7040" status="PASS">
          <params>
            <param index="0">
              <value>
                <![CDATA[chrome]]>
              </value>
            </param>
          </params>
          <reporter-output>
          </reporter-output>
        </test-method> <!-- setup -->
        <test-method signature="addNewCustomerValidDetails()[pri:0, instance:com.inetBanking.TestCases.TC_AddNewCustomerTest@662ac478]" started-at="2023-05-02T11:39:41 IST" name="addNewCustomerValidDetails" finished-at="2023-05-02T11:39:46 IST" duration-ms="4408" status="PASS">
          <reporter-output>
          </reporter-output>
        </test-method> <!-- addNewCustomerValidDetails -->
        <test-method is-config="true" signature="TesttearDown()[pri:0, instance:com.inetBanking.TestCases.TC_AddNewCustomerTest@662ac478]" started-at="2023-05-02T11:39:46 IST" name="TesttearDown" finished-at="2023-05-02T11:39:46 IST" duration-ms="181" status="PASS">
          <reporter-output>
          </reporter-output>
        </test-method> <!-- TesttearDown -->
        <test-method is-config="true" signature="tearDown()[pri:0, instance:com.inetBanking.TestCases.TC_AddNewCustomerTest@662ac478]" started-at="2023-05-02T11:39:46 IST" name="tearDown" finished-at="2023-05-02T11:39:46 IST" duration-ms="0" status="PASS">
          <reporter-output>
          </reporter-output>
        </test-method> <!-- tearDown -->
      </class> <!-- com.inetBanking.TestCases.TC_AddNewCustomerTest -->
      <class name="com.inetBanking.TestCases.TC_Login_DataDrivenTest">
        <test-method is-config="true" signature="setup(java.lang.String)[pri:0, instance:com.inetBanking.TestCases.TC_Login_DataDrivenTest@3754a4bf]" started-at="2023-05-02T11:38:38 IST" name="setup" finished-at="2023-05-02T11:38:46 IST" duration-ms="8224" status="PASS">
          <params>
            <param index="0">
              <value>
                <![CDATA[chrome]]>
              </value>
            </param>
          </params>
          <reporter-output>
          </reporter-output>
        </test-method> <!-- setup -->
        <test-method signature="loginDDT(java.lang.String,java.lang.String,java.lang.String)[pri:0, instance:com.inetBanking.TestCases.TC_Login_DataDrivenTest@3754a4bf]" started-at="2023-05-02T11:38:46 IST" name="loginDDT" data-provider="LoginData" finished-at="2023-05-02T11:38:50 IST" duration-ms="4104" status="PASS">
          <params>
            <param index="0">
              <value>
                <![CDATA[mngr26593]]>
              </value>
            </param>
            <param index="1">
              <value>
                <![CDATA[1234567@]]>
              </value>
            </param>
            <param index="2">
              <value>
                <![CDATA[valid]]>
              </value>
            </param>
          </params>
          <reporter-output>
          </reporter-output>
        </test-method> <!-- loginDDT -->
        <test-method is-config="true" signature="TesttearDown()[pri:0, instance:com.inetBanking.TestCases.TC_Login_DataDrivenTest@3754a4bf]" started-at="2023-05-02T11:38:50 IST" name="TesttearDown" finished-at="2023-05-02T11:38:51 IST" duration-ms="247" status="PASS">
          <reporter-output>
          </reporter-output>
        </test-method> <!-- TesttearDown -->
        <test-method is-config="true" signature="setup(java.lang.String)[pri:0, instance:com.inetBanking.TestCases.TC_Login_DataDrivenTest@3754a4bf]" started-at="2023-05-02T11:38:51 IST" name="setup" finished-at="2023-05-02T11:38:56 IST" duration-ms="5257" status="PASS">
          <params>
            <param index="0">
              <value>
                <![CDATA[chrome]]>
              </value>
            </param>
          </params>
          <reporter-output>
          </reporter-output>
        </test-method> <!-- setup -->
        <test-method signature="loginDDT(java.lang.String,java.lang.String,java.lang.String)[pri:0, instance:com.inetBanking.TestCases.TC_Login_DataDrivenTest@3754a4bf]" started-at="2023-05-02T11:38:56 IST" name="loginDDT" data-provider="LoginData" finished-at="2023-05-02T11:38:57 IST" duration-ms="1490" status="PASS">
          <params>
            <param index="0">
              <value>
                <![CDATA[mngr26594]]>
              </value>
            </param>
            <param index="1">
              <value>
                <![CDATA[1257567g]]>
              </value>
            </param>
            <param index="2">
              <value>
                <![CDATA[invalid]]>
              </value>
            </param>
          </params>
          <reporter-output>
          </reporter-output>
        </test-method> <!-- loginDDT -->
        <test-method is-config="true" signature="TesttearDown()[pri:0, instance:com.inetBanking.TestCases.TC_Login_DataDrivenTest@3754a4bf]" started-at="2023-05-02T11:38:57 IST" name="TesttearDown" finished-at="2023-05-02T11:38:58 IST" duration-ms="238" status="PASS">
          <reporter-output>
          </reporter-output>
        </test-method> <!-- TesttearDown -->
        <test-method is-config="true" signature="setup(java.lang.String)[pri:0, instance:com.inetBanking.TestCases.TC_Login_DataDrivenTest@3754a4bf]" started-at="2023-05-02T11:38:58 IST" name="setup" finished-at="2023-05-02T11:39:03 IST" duration-ms="4885" status="PASS">
          <params>
            <param index="0">
              <value>
                <![CDATA[chrome]]>
              </value>
            </param>
          </params>
          <reporter-output>
          </reporter-output>
        </test-method> <!-- setup -->
        <test-method signature="loginDDT(java.lang.String,java.lang.String,java.lang.String)[pri:0, instance:com.inetBanking.TestCases.TC_Login_DataDrivenTest@3754a4bf]" started-at="2023-05-02T11:39:03 IST" name="loginDDT" data-provider="LoginData" finished-at="2023-05-02T11:39:04 IST" duration-ms="1445" status="PASS">
          <params>
            <param index="0">
              <value>
                <![CDATA[mngr26593]]>
              </value>
            </param>
            <param index="1">
              <value>
                <![CDATA[gsh19023]]>
              </value>
            </param>
            <param index="2">
              <value>
                <![CDATA[invalid]]>
              </value>
            </param>
          </params>
          <reporter-output>
          </reporter-output>
        </test-method> <!-- loginDDT -->
        <test-method is-config="true" signature="TesttearDown()[pri:0, instance:com.inetBanking.TestCases.TC_Login_DataDrivenTest@3754a4bf]" started-at="2023-05-02T11:39:04 IST" name="TesttearDown" finished-at="2023-05-02T11:39:04 IST" duration-ms="251" status="PASS">
          <reporter-output>
          </reporter-output>
        </test-method> <!-- TesttearDown -->
        <test-method is-config="true" signature="setup(java.lang.String)[pri:0, instance:com.inetBanking.TestCases.TC_Login_DataDrivenTest@3754a4bf]" started-at="2023-05-02T11:39:04 IST" name="setup" finished-at="2023-05-02T11:39:10 IST" duration-ms="5869" status="PASS">
          <params>
            <param index="0">
              <value>
                <![CDATA[chrome]]>
              </value>
            </param>
          </params>
          <reporter-output>
          </reporter-output>
        </test-method> <!-- setup -->
        <test-method signature="loginDDT(java.lang.String,java.lang.String,java.lang.String)[pri:0, instance:com.inetBanking.TestCases.TC_Login_DataDrivenTest@3754a4bf]" started-at="2023-05-02T11:39:10 IST" name="loginDDT" data-provider="LoginData" finished-at="2023-05-02T11:39:12 IST" duration-ms="1599" status="PASS">
          <params>
            <param index="0">
              <value>
                <![CDATA[mtr123456]]>
              </value>
            </param>
            <param index="1">
              <value>
                <![CDATA[1234567@]]>
              </value>
            </param>
            <param index="2">
              <value>
                <![CDATA[invalid]]>
              </value>
            </param>
          </params>
          <reporter-output>
          </reporter-output>
        </test-method> <!-- loginDDT -->
        <test-method is-config="true" signature="TesttearDown()[pri:0, instance:com.inetBanking.TestCases.TC_Login_DataDrivenTest@3754a4bf]" started-at="2023-05-02T11:39:12 IST" name="TesttearDown" finished-at="2023-05-02T11:39:12 IST" duration-ms="204" status="PASS">
          <reporter-output>
          </reporter-output>
        </test-method> <!-- TesttearDown -->
        <test-method is-config="true" signature="tearDown()[pri:0, instance:com.inetBanking.TestCases.TC_Login_DataDrivenTest@3754a4bf]" started-at="2023-05-02T11:39:12 IST" name="tearDown" finished-at="2023-05-02T11:39:12 IST" duration-ms="1" status="PASS">
          <reporter-output>
          </reporter-output>
        </test-method> <!-- tearDown -->
      </class> <!-- com.inetBanking.TestCases.TC_Login_DataDrivenTest -->
      <class name="com.inetBanking.TestCases.TC_LoginTest">
        <test-method is-config="true" signature="setup(java.lang.String)[pri:0, instance:com.inetBanking.TestCases.TC_LoginTest@6743e411]" started-at="2023-05-02T11:39:46 IST" name="setup" finished-at="2023-05-02T11:39:52 IST" duration-ms="6271" status="PASS">
          <params>
            <param index="0">
              <value>
                <![CDATA[chrome]]>
              </value>
            </param>
          </params>
          <reporter-output>
          </reporter-output>
        </test-method> <!-- setup -->
        <test-method signature="loginTest()[pri:0, instance:com.inetBanking.TestCases.TC_LoginTest@6743e411]" started-at="2023-05-02T11:39:52 IST" name="loginTest" finished-at="2023-05-02T11:39:54 IST" duration-ms="1598" status="PASS">
          <reporter-output>
          </reporter-output>
        </test-method> <!-- loginTest -->
        <test-method is-config="true" signature="TesttearDown()[pri:0, instance:com.inetBanking.TestCases.TC_LoginTest@6743e411]" started-at="2023-05-02T11:39:54 IST" name="TesttearDown" finished-at="2023-05-02T11:39:54 IST" duration-ms="235" status="PASS">
          <reporter-output>
          </reporter-output>
        </test-method> <!-- TesttearDown -->
        <test-method is-config="true" signature="tearDown()[pri:0, instance:com.inetBanking.TestCases.TC_LoginTest@6743e411]" started-at="2023-05-02T11:39:54 IST" name="tearDown" finished-at="2023-05-02T11:39:54 IST" duration-ms="0" status="PASS">
          <reporter-output>
          </reporter-output>
        </test-method> <!-- tearDown -->
      </class> <!-- com.inetBanking.TestCases.TC_LoginTest -->
    </test> <!-- BankingApp test -->
  </suite> <!-- InetBankingV1 -->
</testng-results>
